[13:54:43] [main/INFO]: Loading Minecraft 1.20.4 with Quilt Loader 0.23.0
[13:54:43] [main/INFO]: Loading mappings: jar:file:/C:/Users/azmaa/AppData/Roaming/.minecraft/libraries/net/fabricmc/intermediary/1.20.4/intermediary-1.20.4.jar!/mappings/mappings.tiny
[13:54:44] [main/WARN]: Unknown file in mods folder: <mods>/ImmediatelyFast-Forge-1.2.8+1.20.4.jar
[13:54:45] [main/INFO]: Loading 19 mods:
| Index | Mod                                   | ID                                  | Version              | Type    | File Hash (SHA-1)                        | File(s)                                                                                                                                        | Sub-File                                                                 |
|------:|---------------------------------------|-------------------------------------|----------------------|---------|------------------------------------------|------------------------------------------------------------------------------------------------------------------------------------------------|--------------------------------------------------------------------------|
|     1 | antlr4-runtime                        | org_antlr_antlr4-runtime            | 4.11.1               | Fabric  | 145470d4eaf8e9c38f64d07351032d9f6fe5e1c7 | <mods>\iris-1.20.4-1.6.14.jar                                                                                                                  | /META-INF/jars/antlr4-runtime-4.11.1.jar                                 |
|     5 | Fabric API Base                       | fabric-api-base                     | 0.4.34+f31bf8813b    | Fabric  | 75a54796c98b83ee69e02796a68602eaa8c1e3d2 | <mods>\sodium-fabric-mc1.20.3-0.5.5.jar                                                                                                        | /META-INF/jars/fabric-api-base-0.4.34+f31bf8813b.jar                     |
|    13 | Fabric BlockView API (v2)             | fabric-block-view-api-v2            | 1.0.2+73761d2e3b     | Fabric  | 75a54796c98b83ee69e02796a68602eaa8c1e3d2 | <mods>\sodium-fabric-mc1.20.3-0.5.5.jar                                                                                                        | /META-INF/jars/fabric-block-view-api-v2-1.0.2+73761d2e3b.jar             |
|     4 | Fabric Key Binding API (v1)           | fabric-key-binding-api-v1           | 1.0.23+aaaf9d332d    | Fabric  | 145470d4eaf8e9c38f64d07351032d9f6fe5e1c7 | <mods>\iris-1.20.4-1.6.14.jar                                                                                                                  | /META-INF/jars/fabric-key-binding-api-v1-1.0.23+aaaf9d332d.jar           |
|     6 | Fabric Rendering Data Attachment (v1) | fabric-rendering-data-attachment-v1 | 0.3.40+73761d2e3b    | Fabric  | 75a54796c98b83ee69e02796a68602eaa8c1e3d2 | <mods>\sodium-fabric-mc1.20.3-0.5.5.jar                                                                                                        | /META-INF/jars/fabric-rendering-data-attachment-v1-0.3.40+73761d2e3b.jar |
|     3 | Fabric Rendering Fluids (v1)          | fabric-rendering-fluids-v1          | 3.0.31+f4b7e4243b    | Fabric  | 75a54796c98b83ee69e02796a68602eaa8c1e3d2 | <mods>\sodium-fabric-mc1.20.3-0.5.5.jar                                                                                                        | /META-INF/jars/fabric-rendering-fluids-v1-3.0.31+f4b7e4243b.jar          |
|    10 | Fabric Resource Loader (v0)           | fabric-resource-loader-v0           | 0.11.14+f31bf8813b   | Fabric  | 75a54796c98b83ee69e02796a68602eaa8c1e3d2 | <mods>\sodium-fabric-mc1.20.3-0.5.5.jar                                                                                                        | /META-INF/jars/fabric-resource-loader-v0-0.11.14+f31bf8813b.jar          |
|    17 | FerriteCore                           | ferritecore                         | 6.0.3                | Fabric  | f2bbb773f4213d36201b7682f206e2a6f213c0c  | <mods>\ferritecore-6.0.3-fabric.jar                                                                                                            |                                                                          |
|     7 | glsl-transformer                      | io_github_douira_glsl-transformer   | 2.0.0-pre13          | Fabric  | 145470d4eaf8e9c38f64d07351032d9f6fe5e1c7 | <mods>\iris-1.20.4-1.6.14.jar                                                                                                                  | /META-INF/jars/glsl-transformer-2.0.0-pre13.jar                          |
|    18 | Iris                                  | iris                                | 1.6.14               | Fabric  | 145470d4eaf8e9c38f64d07351032d9f6fe5e1c7 | <mods>\iris-1.20.4-1.6.14.jar                                                                                                                  |                                                                          |
|     0 | jcpp                                  | org_anarres_jcpp                    | 1.4.14               | Fabric  | 145470d4eaf8e9c38f64d07351032d9f6fe5e1c7 | <mods>\iris-1.20.4-1.6.14.jar                                                                                                                  | /META-INF/jars/jcpp-1.4.14.jar                                           |
|     2 | LazyDFU                               | lazydfu                             | 0.1.3                | Fabric  | 0dfa8b03ed408fb7fdada29e01cfebba02af1049 | <mods>\lazydfu-0.1.3.jar                                                                                                                       |                                                                          |
|     8 | Lithium                               | lithium                             | 0.12.1               | Fabric  | 4a0744beb2246d93cb475d21a5a53faa556956e0 | <mods>\lithium-fabric-mc1.20.4-0.12.1.jar                                                                                                      |                                                                          |
|    11 | Minecraft                             | minecraft                           | 1.20.4               | Builtin | 3765e0bc5d57fbeda85f210cc402d21dd8be33c6 | <game>\.cache\quilt_loader\remappedJars\minecraft-1.20.4-0.23.0\client-intermediary.jar                                                        | /                                                                        |
|       |                                       |                                     |                      |         | 3765e0bc5d57fbeda85f210cc402d21dd8be33c6 | <user>\AppData\Roaming\.minecraft\libraries\com\mojang\datafixerupper\6.0.8\datafixerupper-6.0.8.jar                                           | /                                                                        |
|       |                                       |                                     |                      |         | 3765e0bc5d57fbeda85f210cc402d21dd8be33c6 | <user>\AppData\Roaming\.minecraft\libraries\com\mojang\authlib\6.0.52\authlib-6.0.52.jar                                                       | /                                                                        |
|       |                                       |                                     |                      |         |                                          | <user>\AppData\Roaming\.minecraft\libraries\com\mojang\brigadier\1.2.9\brigadier-1.2.9.jar                                                     | /                                                                        |
|    16 | MixinExtras                           | mixinextras                         | 0.3.2                | Fabric  | 87c072efe4c4d4ffdd38085c12fa21d7f469b20d | <user>\AppData\Roaming\.minecraft\libraries\org\quiltmc\quilt-loader\0.23.0\quilt-loader-0.23.0.jar                                            | /META-INF/jars/mixinextras-fabric-0.3.2.jar                              |
|     9 | OpenJDK 64-Bit Server VM              | java                                | 17                   | Builtin |                                          | <user>\AppData\Local\Packages\Microsoft.4297127D64EC6_8wekyb3d8bbwe\LocalCache\Local\runtime\java-runtime-gamma\windows-x64\java-runtime-gamma |                                                                          |
|    14 | Quilt Loader                          | quilt_loader                        | 0.23.0               | Quilt   | 87c072efe4c4d4ffdd38085c12fa21d7f469b20d | <user>\AppData\Roaming\.minecraft\libraries\org\quiltmc\quilt-loader\0.23.0\quilt-loader-0.23.0.jar                                            |                                                                          |
|    15 | Sodium                                | sodium                              | 0.5.5                | Fabric  | 75a54796c98b83ee69e02796a68602eaa8c1e3d2 | <mods>\sodium-fabric-mc1.20.3-0.5.5.jar                                                                                                        |                                                                          |
|    12 | Starlight                             | starlight                           | 1.1.3+fabric.f5dcd1a | Fabric  | 6c1dfb43aa2873ecf474b3278d42348457fbcaf  | <mods>\starlight-1.1.3+fabric.f5dcd1a.jar                                                                                                      |                                                                          |
|------:|---------------------------------------|-------------------------------------|----------------------|---------|------------------------------------------|------------------------------------------------------------------------------------------------------------------------------------------------|--------------------------------------------------------------------------|
Mod Table Version: 2
Plugin Types: {quilted_fabric_loader=[Fabric], quilt_loader=[Quilt, Builtin]}
[13:54:45] [main/INFO]: SpongePowered MIXIN Subsystem Version=0.8.5 Source=file:/C:/Users/azmaa/AppData/Roaming/.minecraft/libraries/net/fabricmc/sponge-mixin/0.12.5+mixin.0.8.5/sponge-mixin-0.12.5+mixin.0.8.5.jar Service=Knot/Quilt Env=CLIENT
[13:54:45] [QuiltClassPath ZipScanner#1/INFO]: Took 276834us to scan C:\Users\azmaa\AppData\Roaming\.minecraft\FPSMODS\.cache\quilt_loader\transform-cache-client\transformed-mod-minecraft-v1.20.4.jar /
[13:54:45] [main/INFO]: Compatibility level set to JAVA_17
[13:54:45] [main/INFO]: Loaded configuration file for Lithium: 129 options available, 1 override(s) found
[13:54:45] [main/INFO]: Loaded configuration file for Sodium: 42 options available, 3 override(s) found
[13:54:46] [main/WARN]: Force-disabling mixin 'alloc.blockstate.StateMixin' as rule 'mixin.alloc.blockstate' (added by mods [ferritecore]) disables it and children
[13:54:46] [main/WARN]: Force-disabling mixin 'features.render.entity.CuboidMixin' as rule 'mixin.features.render.entity' (added by mods [iris]) disables it and children
[13:54:46] [main/WARN]: Force-disabling mixin 'features.render.entity.ModelPartMixin' as rule 'mixin.features.render.entity' (added by mods [iris]) disables it and children
[13:54:46] [main/WARN]: Force-disabling mixin 'features.render.entity.cull.EntityRendererMixin' as rule 'mixin.features.render.entity' (added by mods [iris]) disables it and children
[13:54:46] [main/WARN]: Force-disabling mixin 'features.render.entity.shadows.EntityRenderDispatcherMixin' as rule 'mixin.features.render.entity' (added by mods [iris]) disables it and children
[13:54:46] [main/WARN]: Force-disabling mixin 'features.render.gui.font.GlyphRendererMixin' as rule 'mixin.features.render.gui.font' (added by mods [iris]) disables it and children
[13:54:46] [main/WARN]: Force-disabling mixin 'features.render.world.sky.BackgroundRendererMixin' as rule 'mixin.features.render.world.sky' (added by mods [iris]) disables it and children
[13:54:46] [main/WARN]: Force-disabling mixin 'features.render.world.sky.ClientWorldMixin' as rule 'mixin.features.render.world.sky' (added by mods [iris]) disables it and children
[13:54:46] [main/WARN]: Force-disabling mixin 'features.render.world.sky.WorldRendererMixin' as rule 'mixin.features.render.world.sky' (added by mods [iris]) disables it and children
[13:54:47] [main/INFO]: Searching for graphics cards...
[13:54:47] [main/INFO]: Initializing MixinExtras via com.llamalad7.mixinextras.service.MixinExtrasServiceImpl(version=0.3.2).
[13:54:47] [main/INFO]: Found graphics card: GraphicsAdapterInfo[vendor=NVIDIA, name=NVIDIA GeForce GTX 1060, version=DriverVersion=31.0.15.4633]
[13:54:47] [main/WARN]: Sodium has applied one or more workarounds to prevent crashes or other issues on your system: [NVIDIA_THREADED_OPTIMIZATIONS]
[13:54:47] [main/WARN]: This is not necessarily an issue, but it may result in certain features or optimizations being disabled. You can sometimes fix these issues by upgrading your graphics driver.
[13:54:57] [Render thread/INFO]: Environment: Environment[sessionHost=https://sessionserver.mojang.com, servicesHost=https://api.minecraftservices.com, name=PROD]
[13:54:57] [Render thread/INFO]: Setting user: Sunhaloo
[13:54:58] [Render thread/INFO]: Backend library: LWJGL version 3.3.2+13
[13:54:58] [Render thread/WARN]: Applying workaround: Prevent the NVIDIA OpenGL driver from using broken optimizations (NVIDIA_THREADED_OPTIMIZATIONS)
[13:54:58] [Render thread/INFO]: OpenGL Vendor: NVIDIA Corporation
[13:54:58] [Render thread/INFO]: OpenGL Renderer: NVIDIA GeForce GTX 1060/PCIe/SSE2
[13:54:58] [Render thread/INFO]: OpenGL Version: 3.2.0 NVIDIA 546.33
[13:54:59] [Render thread/INFO]: Debug functionality is disabled.
[13:54:59] [Render thread/INFO]: ARB_direct_state_access detected, enabling DSA.
[13:54:59] [Render thread/INFO]: Shaders are disabled because no valid shaderpack is selected
[13:54:59] [Render thread/INFO]: Shaders are disabled
[13:54:59] [ForkJoinPool.commonPool-worker-1/WARN]: [Iris Update Check] This version doesn't have an update index, skipping.
[13:55:00] [Render thread/INFO]: Hardware information:
[13:55:00] [Render thread/INFO]: CPU: 8x Intel(R) Core(TM) i7-7700HQ CPU @ 2.80GHz
[13:55:00] [Render thread/INFO]: GPU: NVIDIA GeForce GTX 1060/PCIe/SSE2 (Supports OpenGL 3.2.0 NVIDIA 546.33)
[13:55:00] [Render thread/INFO]: OS: Windows 10 (10.0)
[13:55:00] [Render thread/INFO]: Reloading ResourceManager: vanilla, fabric (lazydfu, fabric-rendering-fluids-v1, fabric-key-binding-api-v1, fabric-api-base, fabric-rendering-data-attachment-v1, lithium, fabric-resource-loader-v0, starlight, fabric-block-view-api-v2, quilt_loader, sodium, iris), file/Faithful 32x - 1.20.4.zip
[13:55:01] [Worker-Main-4/INFO]: Found unifont_all_no_pua-15.1.04.hex, loading
[13:55:01] [Worker-Main-7/WARN]: File minecraft:sounds/mob/wolf/armor_equip1.ogg does not exist, cannot add it to event minecraft:entity.wolf.armor_equip
[13:55:01] [Worker-Main-7/WARN]: File minecraft:sounds/mob/wolf/armor_equip1.ogg does not exist, cannot add it to event minecraft:entity.wolf.armor_equip
[13:55:01] [Worker-Main-7/WARN]: File minecraft:sounds/mob/wolf/armor_equip2.ogg does not exist, cannot add it to event minecraft:entity.wolf.armor_equip
[13:55:01] [Worker-Main-7/WARN]: File minecraft:sounds/mob/wolf/armor_equip2.ogg does not exist, cannot add it to event minecraft:entity.wolf.armor_equip
[13:55:01] [Worker-Main-7/WARN]: File minecraft:sounds/mob/wolf/armor_unequip1.ogg does not exist, cannot add it to event minecraft:entity.wolf.armor_unequip
[13:55:01] [Worker-Main-7/WARN]: File minecraft:sounds/mob/wolf/armor_unequip2.ogg does not exist, cannot add it to event minecraft:entity.wolf.armor_unequip
[13:55:04] [Render thread/WARN]: Missing sound for event: minecraft:item.goat_horn.play
[13:55:04] [Render thread/WARN]: Missing sound for event: minecraft:entity.goat.screaming.horn_break
[13:55:04] [Render thread/INFO]: OpenAL initialized on device OpenAL Soft on Speakers (Realtek High Definition Audio)
[13:55:04] [Render thread/INFO]: Sound engine started
[13:55:04] [Render thread/INFO]: Created: 2048x1024x0 minecraft:textures/atlas/blocks.png-atlas
[13:55:04] [Render thread/INFO]: Created: 512x512x0 minecraft:textures/atlas/signs.png-atlas
[13:55:04] [Render thread/INFO]: Created: 1024x1024x0 minecraft:textures/atlas/banner_patterns.png-atlas
[13:55:04] [Render thread/INFO]: Created: 1024x1024x0 minecraft:textures/atlas/shield_patterns.png-atlas
[13:55:05] [Render thread/INFO]: Created: 2048x2048x0 minecraft:textures/atlas/armor_trims.png-atlas
[13:55:05] [Render thread/INFO]: Created: 512x512x0 minecraft:textures/atlas/chest.png-atlas
[13:55:05] [Render thread/INFO]: Created: 256x128x0 minecraft:textures/atlas/decorated_pot.png-atlas
[13:55:05] [Render thread/INFO]: Created: 1024x512x0 minecraft:textures/atlas/shulker_boxes.png-atlas
[13:55:05] [Render thread/INFO]: Created: 1024x512x0 minecraft:textures/atlas/beds.png-atlas
[13:55:05] [Render thread/WARN]: Shader rendertype_entity_translucent_emissive could not find sampler named Sampler2 in the specified shader program.
[13:55:05] [Render thread/INFO]: Created: 1024x512x0 minecraft:textures/atlas/particles.png-atlas
[13:55:05] [Render thread/INFO]: Created: 512x512x0 minecraft:textures/atlas/paintings.png-atlas
[13:55:05] [Render thread/INFO]: Created: 256x256x0 minecraft:textures/atlas/mob_effects.png-atlas
[13:55:05] [Render thread/INFO]: Created: 2048x1024x0 minecraft:textures/atlas/gui.png-atlas
[13:55:05] [Render thread/INFO]: Creating pipeline for dimension NamespacedId{namespace='minecraft', name='overworld'}
[13:55:12] [Render thread/INFO]: Destroying pipeline NamespacedId{namespace='minecraft', name='overworld'}
[13:55:13] [Render thread/WARN]: Tried to get boolean value for unknown option: 1 && !RETRO_FILTER, defaulting to true!
[13:55:13] [Render thread/WARN]: Tried to get boolean value for unknown option: 1, defaulting to true!
[13:55:13] [Render thread/WARN]: Tried to get boolean value for unknown option: 1, defaulting to true!
[13:55:13] [Render thread/WARN]: Tried to get boolean value for unknown option: 1, defaulting to true!
[13:55:13] [Render thread/WARN]: Tried to get boolean value for unknown option: 1, defaulting to true!
[13:55:13] [Render thread/WARN]: Tried to get boolean value for unknown option: TAA && !RETRO_FILTER, defaulting to true!
[13:55:13] [Render thread/WARN]: Tried to get boolean value for unknown option: 1 && !RETRO_FILTER, defaulting to true!
[13:55:13] [Render thread/WARN]: Tried to get boolean value for unknown option: 1, defaulting to true!
[13:55:13] [Render thread/WARN]: Tried to get boolean value for unknown option: 1, defaulting to true!
[13:55:13] [Render thread/WARN]: Tried to get boolean value for unknown option: TAA && !RETRO_FILTER, defaulting to true!
[13:55:13] [Render thread/WARN]: Tried to get boolean value for unknown option: 1, defaulting to true!
[13:55:13] [Render thread/WARN]: Tried to get boolean value for unknown option: TAA && !RETRO_FILTER, defaulting to true!
[13:55:13] [Render thread/WARN]: Tried to get boolean value for unknown option: 1 && !RETRO_FILTER, defaulting to true!
[13:55:13] [Render thread/WARN]: Tried to get boolean value for unknown option: 1, defaulting to true!
[13:55:13] [Render thread/INFO]: Profile: HIGH (+0 options changed by user)
[13:55:13] [Render thread/INFO]: Using shaderpack: BSL_v8.2.07.1.zip
[13:55:21] [Render thread/INFO]: Loaded 7 recipes
[13:55:21] [Render thread/INFO]: Loaded 1271 advancements
[13:55:22] [Server thread/INFO]: Starting integrated minecraft server version 1.20.4
[13:55:22] [Server thread/INFO]: Generating keypair
[13:55:24] [Server thread/INFO]: Preparing start region for dimension minecraft:overworld
[13:55:28] [Render thread/INFO]: Preparing spawn area: 0%
[13:55:28] [Render thread/INFO]: Preparing spawn area: 0%
[13:55:28] [Render thread/INFO]: Preparing spawn area: 0%
[13:55:28] [Render thread/INFO]: Preparing spawn area: 0%
[13:55:28] [Render thread/INFO]: Preparing spawn area: 0%
[13:55:28] [Render thread/INFO]: Preparing spawn area: 0%
[13:55:28] [Render thread/INFO]: Preparing spawn area: 0%
[13:55:28] [Render thread/INFO]: Preparing spawn area: 0%
[13:55:28] [Render thread/INFO]: Preparing spawn area: 0%
[13:55:29] [Render thread/INFO]: Preparing spawn area: 4%
[13:55:29] [Render thread/INFO]: Preparing spawn area: 26%
[13:55:30] [Render thread/INFO]: Preparing spawn area: 86%
[13:55:30] [Render thread/INFO]: Time elapsed: 5587 ms
[13:55:30] [Server thread/INFO]: Changing simulation distance to 10, from 0
[13:55:31] [Server thread/INFO]: Sunhaloo[local:E:d66da22b] logged in with entity id 177 at (30.549983766295963, 32.72070485030571, 55.561726508721954)
[13:55:31] [Server thread/INFO]: Sunhaloo joined the game
[13:55:31] [Render thread/INFO]: Reloading pipeline on dimension change: NamespacedId{namespace='minecraft', name='overworld'} => NamespacedId{namespace='minecraft', name='overworld'}
[13:55:31] [Render thread/INFO]: Creating pipeline for dimension NamespacedId{namespace='minecraft', name='overworld'}
[13:55:32] [Render thread/INFO]: Starting custom uniform resolving
[13:55:34] [Render thread/WARN]: [Patcher] gl_FragColor is not supported yet, please use gl_FragData! Assuming that the shaderpack author intended to use gl_FragData[0]...
[13:55:41] [Render thread/INFO]: Started 2 worker threads
[13:55:41] [Render thread/INFO]: Loaded 50 advancements
[13:55:49] [Server thread/INFO]: Saving and pausing game...
[13:55:49] [Server thread/INFO]: Saving chunks for level 'ServerLevel[Survival Test]'/minecraft:overworld
[13:55:49] [Server thread/INFO]: Saving chunks for level 'ServerLevel[Survival Test]'/minecraft:the_nether
[13:55:49] [Server thread/INFO]: Saving chunks for level 'ServerLevel[Survival Test]'/minecraft:the_end
[13:56:19] [Server thread/INFO]: [Sunhaloo: Set own game mode to Creative Mode]
[13:56:19] [Render thread/INFO]: [System] [CHAT] Set own game mode to Creative Mode
[13:56:39] [Server thread/INFO]: Saving and pausing game...
[13:56:39] [Server thread/INFO]: Saving chunks for level 'ServerLevel[Survival Test]'/minecraft:overworld
[13:56:39] [Server thread/INFO]: Saving chunks for level 'ServerLevel[Survival Test]'/minecraft:the_nether
[13:56:39] [Server thread/INFO]: Saving chunks for level 'ServerLevel[Survival Test]'/minecraft:the_end
[13:56:47] [Server thread/INFO]: Saving and pausing game...
[13:56:47] [Server thread/INFO]: Saving chunks for level 'ServerLevel[Survival Test]'/minecraft:overworld
[13:56:47] [Server thread/INFO]: Saving chunks for level 'ServerLevel[Survival Test]'/minecraft:the_nether
[13:56:47] [Server thread/INFO]: Saving chunks for level 'ServerLevel[Survival Test]'/minecraft:the_end
[13:56:52] [Render thread/INFO]: Destroying pipeline NamespacedId{namespace='minecraft', name='overworld'}
[13:56:52] [Render thread/INFO]: Shaders are disabled because enableShaders is set to false in iris.properties
[13:56:52] [Render thread/INFO]: Shaders are disabled
[13:56:52] [Render thread/INFO]: Creating pipeline for dimension NamespacedId{namespace='minecraft', name='overworld'}
[13:56:52] [Render thread/INFO]: Stopping worker threads
[13:56:52] [Render thread/INFO]: Started 2 worker threads
[13:57:15] [Server thread/INFO]: Saving and pausing game...
[13:57:15] [Server thread/INFO]: Saving chunks for level 'ServerLevel[Survival Test]'/minecraft:overworld
[13:57:15] [Server thread/INFO]: Saving chunks for level 'ServerLevel[Survival Test]'/minecraft:the_nether
[13:57:15] [Server thread/INFO]: Saving chunks for level 'ServerLevel[Survival Test]'/minecraft:the_end
[13:57:24] [Server thread/INFO]: Sunhaloo lost connection: Disconnected
[13:57:24] [Server thread/INFO]: Sunhaloo left the game
[13:57:25] [Server thread/INFO]: Stopping singleplayer server as player logged out
[13:57:25] [Server thread/INFO]: Stopping server
[13:57:25] [Server thread/INFO]: Saving players
[13:57:25] [Server thread/INFO]: Saving worlds
[13:57:25] [Server thread/INFO]: Saving chunks for level 'ServerLevel[Survival Test]'/minecraft:overworld
[13:57:26] [Server thread/INFO]: Saving chunks for level 'ServerLevel[Survival Test]'/minecraft:the_nether
[13:57:26] [Server thread/INFO]: Saving chunks for level 'ServerLevel[Survival Test]'/minecraft:the_end
[13:57:26] [Server thread/INFO]: ThreadedAnvilChunkStorage (Survival Test): All chunks are saved
[13:57:26] [Server thread/INFO]: ThreadedAnvilChunkStorage (DIM-1): All chunks are saved
[13:57:26] [Server thread/INFO]: ThreadedAnvilChunkStorage (DIM1): All chunks are saved
[13:57:26] [Server thread/INFO]: ThreadedAnvilChunkStorage: All dimensions are saved
[13:57:26] [Render thread/INFO]: Stopping worker threads
[13:57:35] [Render thread/INFO]: Destroying pipeline NamespacedId{namespace='minecraft', name='overworld'}
[13:57:35] [Render thread/WARN]: Tried to get boolean value for unknown option: 1 && !RETRO_FILTER, defaulting to true!
[13:57:35] [Render thread/WARN]: Tried to get boolean value for unknown option: 1, defaulting to true!
[13:57:35] [Render thread/WARN]: Tried to get boolean value for unknown option: 1, defaulting to true!
[13:57:35] [Render thread/WARN]: Tried to get boolean value for unknown option: 1, defaulting to true!
[13:57:35] [Render thread/WARN]: Tried to get boolean value for unknown option: 1, defaulting to true!
[13:57:35] [Render thread/WARN]: Tried to get boolean value for unknown option: TAA && !RETRO_FILTER, defaulting to true!
[13:57:35] [Render thread/WARN]: Tried to get boolean value for unknown option: 1 && !RETRO_FILTER, defaulting to true!
[13:57:35] [Render thread/WARN]: Tried to get boolean value for unknown option: 1, defaulting to true!
[13:57:35] [Render thread/WARN]: Tried to get boolean value for unknown option: 1, defaulting to true!
[13:57:35] [Render thread/WARN]: Tried to get boolean value for unknown option: TAA && !RETRO_FILTER, defaulting to true!
[13:57:35] [Render thread/WARN]: Tried to get boolean value for unknown option: 1, defaulting to true!
[13:57:35] [Render thread/WARN]: Tried to get boolean value for unknown option: TAA && !RETRO_FILTER, defaulting to true!
[13:57:35] [Render thread/WARN]: Tried to get boolean value for unknown option: 1 && !RETRO_FILTER, defaulting to true!
[13:57:35] [Render thread/WARN]: Tried to get boolean value for unknown option: 1, defaulting to true!
[13:57:35] [Render thread/INFO]: Profile: HIGH (+0 options changed by user)
[13:57:35] [Render thread/INFO]: Using shaderpack: BSL_v8.2.07.1.zip
[13:57:44] [Render thread/INFO]: Loaded 7 recipes
[13:57:44] [Render thread/INFO]: Loaded 1271 advancements
[13:58:02] [Server thread/INFO]: Starting integrated minecraft server version 1.20.4
[13:58:02] [Server thread/INFO]: Generating keypair
[13:58:04] [Server thread/INFO]: Preparing start region for dimension minecraft:overworld
[13:58:05] [Render thread/INFO]: Preparing spawn area: 0%
[13:58:05] [Render thread/INFO]: Preparing spawn area: 0%
[13:58:05] [Render thread/INFO]: Preparing spawn area: 0%
[13:58:06] [Render thread/INFO]: Preparing spawn area: 1%
[13:58:06] [Render thread/INFO]: Preparing spawn area: 2%
[13:58:07] [Render thread/INFO]: Preparing spawn area: 4%
[13:58:07] [Render thread/INFO]: Preparing spawn area: 6%
[13:58:08] [Render thread/INFO]: Preparing spawn area: 9%
[13:58:08] [Render thread/INFO]: Preparing spawn area: 11%
[13:58:09] [Render thread/INFO]: Preparing spawn area: 14%
[13:58:09] [Render thread/INFO]: Preparing spawn area: 16%
[13:58:10] [Render thread/INFO]: Preparing spawn area: 18%
[13:58:10] [Render thread/INFO]: Preparing spawn area: 22%
[13:58:11] [Render thread/INFO]: Preparing spawn area: 24%
[13:58:11] [Render thread/INFO]: Preparing spawn area: 27%
[13:58:12] [Render thread/INFO]: Preparing spawn area: 31%
[13:58:12] [Render thread/INFO]: Preparing spawn area: 34%
[13:58:13] [Render thread/INFO]: Preparing spawn area: 36%
[13:58:13] [Render thread/INFO]: Preparing spawn area: 39%
[13:58:14] [Render thread/INFO]: Preparing spawn area: 42%
[13:58:14] [Render thread/INFO]: Preparing spawn area: 44%
[13:58:15] [Render thread/INFO]: Preparing spawn area: 47%
[13:58:15] [Render thread/INFO]: Preparing spawn area: 50%
[13:58:16] [Render thread/INFO]: Preparing spawn area: 54%
[13:58:16] [Render thread/INFO]: Preparing spawn area: 56%
[13:58:17] [Render thread/INFO]: Preparing spawn area: 59%
[13:58:17] [Render thread/INFO]: Preparing spawn area: 63%
[13:58:18] [Render thread/INFO]: Preparing spawn area: 67%
[13:58:18] [Render thread/INFO]: Preparing spawn area: 69%
[13:58:19] [Render thread/INFO]: Preparing spawn area: 72%
[13:58:19] [Render thread/INFO]: Preparing spawn area: 75%
[13:58:20] [Render thread/INFO]: Preparing spawn area: 78%
[13:58:20] [Render thread/INFO]: Preparing spawn area: 81%
[13:58:21] [Render thread/INFO]: Preparing spawn area: 84%
[13:58:21] [Render thread/INFO]: Preparing spawn area: 86%
[13:58:22] [Render thread/INFO]: Preparing spawn area: 90%
[13:58:22] [Render thread/INFO]: Preparing spawn area: 93%
[13:58:23] [Render thread/INFO]: Preparing spawn area: 98%
[13:58:23] [Server thread/INFO]: Changing simulation distance to 10, from 0
[13:58:23] [Render thread/INFO]: Time elapsed: 18713 ms
[13:58:23] [Server thread/INFO]: Sunhaloo[local:E:f1abc337] logged in with entity id 959 at (7.5, 66.0, -1.5)
[13:58:23] [Server thread/INFO]: Sunhaloo joined the game
[13:58:23] [Render thread/INFO]: Reloading pipeline on dimension change: NamespacedId{namespace='minecraft', name='overworld'} => NamespacedId{namespace='minecraft', name='overworld'}
[13:58:23] [Render thread/INFO]: Creating pipeline for dimension NamespacedId{namespace='minecraft', name='overworld'}
[13:58:24] [Render thread/INFO]: Starting custom uniform resolving
[13:58:24] [Render thread/WARN]: [Patcher] gl_FragColor is not supported yet, please use gl_FragData! Assuming that the shaderpack author intended to use gl_FragData[0]...
[13:58:24] [Render thread/INFO]: Started 2 worker threads
[13:58:24] [Render thread/INFO]: Loaded 2 advancements
[13:58:35] [Render thread/INFO]: Loaded 13 advancements
[13:58:37] [Render thread/INFO]: Loaded 20 advancements
[13:58:50] [Render thread/INFO]: Loaded 23 advancements
[13:59:04] [Render thread/INFO]: Loaded 24 advancements
[13:59:10] [Server thread/INFO]: Saving and pausing game...
[13:59:10] [Server thread/INFO]: Saving chunks for level 'ServerLevel[Main World]'/minecraft:overworld
[13:59:10] [Server thread/INFO]: Saving chunks for level 'ServerLevel[Main World]'/minecraft:the_nether
[13:59:10] [Server thread/INFO]: Saving chunks for level 'ServerLevel[Main World]'/minecraft:the_end
[13:59:14] [Render thread/INFO]: Destroying pipeline NamespacedId{namespace='minecraft', name='overworld'}
[13:59:14] [Render thread/INFO]: Shaders are disabled because enableShaders is set to false in iris.properties
[13:59:14] [Render thread/INFO]: Shaders are disabled
[13:59:14] [Render thread/INFO]: Creating pipeline for dimension NamespacedId{namespace='minecraft', name='overworld'}
[13:59:14] [Render thread/INFO]: Stopping worker threads
[13:59:14] [Render thread/INFO]: Started 2 worker threads
[13:59:33] [Server thread/INFO]: Sunhaloo has made the advancement [Stone Age]
[13:59:33] [Render thread/INFO]: [System] [CHAT] Sunhaloo has made the advancement [Stone Age]
[13:59:33] [Render thread/INFO]: Loaded 42 advancements
[14:00:30] [Render thread/WARN]: Unable to play empty soundEvent: minecraft:entity.salmon.ambient
[14:00:47] [Render thread/INFO]: Loaded 59 advancements
[14:00:57] [Render thread/INFO]: Loaded 60 advancements
[14:01:17] [Render thread/INFO]: Loaded 69 advancements
[14:01:21] [Render thread/INFO]: Loaded 71 advancements
[14:01:31] [Render thread/INFO]: Loaded 73 advancements
[14:02:09] [Render thread/INFO]: Loaded 82 advancements
[14:03:21] [Render thread/INFO]: Destroying pipeline NamespacedId{namespace='minecraft', name='overworld'}
[14:03:21] [Render thread/INFO]: Shaders are disabled because enableShaders is set to false in iris.properties
[14:03:21] [Render thread/INFO]: Shaders are disabled
[14:03:21] [Render thread/INFO]: Creating pipeline for dimension NamespacedId{namespace='minecraft', name='overworld'}
[14:03:21] [Render thread/INFO]: Stopping worker threads
[14:03:21] [Render thread/INFO]: Started 2 worker threads
[14:03:21] [Render thread/INFO]: [System] [CHAT] Shaders Reloaded!
[14:03:21] [Render thread/INFO]: Destroying pipeline NamespacedId{namespace='minecraft', name='overworld'}
[14:03:21] [Render thread/INFO]: Shaders are disabled because enableShaders is set to false in iris.properties
[14:03:21] [Render thread/INFO]: Shaders are disabled
[14:03:21] [Render thread/INFO]: Creating pipeline for dimension NamespacedId{namespace='minecraft', name='overworld'}
[14:03:21] [Render thread/INFO]: Stopping worker threads
[14:03:21] [Render thread/INFO]: Started 2 worker threads
[14:03:21] [Render thread/INFO]: [System] [CHAT] Shaders Reloaded!
[14:03:23] [Render thread/INFO]: Destroying pipeline NamespacedId{namespace='minecraft', name='overworld'}
[14:03:23] [Render thread/INFO]: Shaders are disabled because enableShaders is set to false in iris.properties
[14:03:23] [Render thread/INFO]: Shaders are disabled
[14:03:23] [Render thread/INFO]: Creating pipeline for dimension NamespacedId{namespace='minecraft', name='overworld'}
[14:03:23] [Render thread/INFO]: Stopping worker threads
[14:03:23] [Render thread/INFO]: Started 2 worker threads
[14:03:23] [Render thread/INFO]: [System] [CHAT] Shaders Reloaded!
[14:04:41] [Render thread/INFO]: Loaded 82 advancements
[14:05:15] [Render thread/INFO]: Loaded 82 advancements
[14:05:21] [Render thread/INFO]: Loaded 83 advancements
[14:06:14] [Render thread/INFO]: Loaded 84 advancements
[14:06:45] [Render thread/INFO]: Loaded 87 advancements
[14:06:47] [Render thread/INFO]: Loaded 89 advancements
[14:06:48] [Server thread/INFO]: Sunhaloo has made the advancement [Ice Bucket Challenge]
[14:06:48] [Render thread/INFO]: [System] [CHAT] Sunhaloo has made the advancement [Ice Bucket Challenge]
[14:06:48] [Render thread/INFO]: Loaded 96 advancements
[14:07:41] [Server thread/INFO]: Sunhaloo has made the advancement [Monster Hunter]
[14:07:41] [Render thread/INFO]: [System] [CHAT] Sunhaloo has made the advancement [Monster Hunter]
[14:07:41] [Render thread/INFO]: Loaded 127 advancements
[14:07:43] [Render thread/INFO]: Loaded 129 advancements
[14:09:18] [Server thread/INFO]: Sunhaloo has made the advancement [Acquire Hardware]
[14:09:18] [Render thread/INFO]: [System] [CHAT] Sunhaloo has made the advancement [Acquire Hardware]
[14:09:18] [Render thread/INFO]: Loaded 155 advancements
[14:09:27] [Server thread/INFO]: Sunhaloo has made the advancement [Getting an Upgrade]
[14:09:27] [Render thread/INFO]: [System] [CHAT] Sunhaloo has made the advancement [Getting an Upgrade]
[14:09:27] [Render thread/INFO]: Loaded 155 advancements
[14:09:29] [Server thread/INFO]: Saving and pausing game...
[14:09:29] [Server thread/INFO]: Saving chunks for level 'ServerLevel[Main World]'/minecraft:overworld
[14:09:29] [Server thread/INFO]: Saving chunks for level 'ServerLevel[Main World]'/minecraft:the_nether
[14:09:29] [Server thread/INFO]: Saving chunks for level 'ServerLevel[Main World]'/minecraft:the_end
[14:14:03] [Server thread/INFO]: Saving and pausing game...
[14:14:03] [Server thread/INFO]: Saving chunks for level 'ServerLevel[Main World]'/minecraft:overworld
[14:14:03] [Server thread/INFO]: Saving chunks for level 'ServerLevel[Main World]'/minecraft:the_nether
[14:14:03] [Server thread/INFO]: Saving chunks for level 'ServerLevel[Main World]'/minecraft:the_end
[14:14:15] [Render thread/INFO]: Loaded 158 advancements
[14:16:19] [Render thread/INFO]: Loaded 169 advancements
[14:17:19] [Render thread/INFO]: Loaded 179 advancements
[14:21:18] [Server thread/INFO]: Saving and pausing game...
[14:21:18] [Server thread/INFO]: Saving chunks for level 'ServerLevel[Main World]'/minecraft:overworld
[14:21:18] [Server thread/INFO]: Saving chunks for level 'ServerLevel[Main World]'/minecraft:the_nether
[14:21:18] [Server thread/INFO]: Saving chunks for level 'ServerLevel[Main World]'/minecraft:the_end
[14:21:55] [Server thread/INFO]: Saving and pausing game...
[14:21:55] [Server thread/INFO]: Saving chunks for level 'ServerLevel[Main World]'/minecraft:overworld
[14:21:55] [Server thread/INFO]: Saving chunks for level 'ServerLevel[Main World]'/minecraft:the_nether
[14:21:55] [Server thread/INFO]: Saving chunks for level 'ServerLevel[Main World]'/minecraft:the_end
[14:21:59] [Render thread/INFO]: Destroying pipeline NamespacedId{namespace='minecraft', name='overworld'}
[14:21:59] [Render thread/WARN]: Tried to get boolean value for unknown option: 1 && !RETRO_FILTER, defaulting to true!
[14:21:59] [Render thread/WARN]: Tried to get boolean value for unknown option: 1, defaulting to true!
[14:21:59] [Render thread/WARN]: Tried to get boolean value for unknown option: 1, defaulting to true!
[14:21:59] [Render thread/WARN]: Tried to get boolean value for unknown option: 1, defaulting to true!
[14:21:59] [Render thread/WARN]: Tried to get boolean value for unknown option: 1, defaulting to true!
[14:21:59] [Render thread/WARN]: Tried to get boolean value for unknown option: TAA && !RETRO_FILTER, defaulting to true!
[14:21:59] [Render thread/WARN]: Tried to get boolean value for unknown option: 1 && !RETRO_FILTER, defaulting to true!
[14:21:59] [Render thread/WARN]: Tried to get boolean value for unknown option: 1, defaulting to true!
[14:21:59] [Render thread/WARN]: Tried to get boolean value for unknown option: 1, defaulting to true!
[14:21:59] [Render thread/WARN]: Tried to get boolean value for unknown option: TAA && !RETRO_FILTER, defaulting to true!
[14:21:59] [Render thread/WARN]: Tried to get boolean value for unknown option: 1, defaulting to true!
[14:21:59] [Render thread/WARN]: Tried to get boolean value for unknown option: TAA && !RETRO_FILTER, defaulting to true!
[14:21:59] [Render thread/WARN]: Tried to get boolean value for unknown option: 1 && !RETRO_FILTER, defaulting to true!
[14:21:59] [Render thread/WARN]: Tried to get boolean value for unknown option: 1, defaulting to true!
[14:21:59] [Render thread/INFO]: Profile: HIGH (+0 options changed by user)
[14:22:00] [Render thread/INFO]: Using shaderpack: BSL_v8.2.07.1.zip
[14:22:00] [Render thread/INFO]: Creating pipeline for dimension NamespacedId{namespace='minecraft', name='overworld'}
[14:22:00] [Render thread/INFO]: Starting custom uniform resolving
[14:22:00] [Render thread/WARN]: [Patcher] gl_FragColor is not supported yet, please use gl_FragData! Assuming that the shaderpack author intended to use gl_FragData[0]...
[14:22:00] [Render thread/INFO]: Stopping worker threads
[14:22:00] [Render thread/INFO]: Started 2 worker threads
[14:22:20] [Server thread/INFO]: Saving and pausing game...
[14:22:20] [Server thread/INFO]: Saving chunks for level 'ServerLevel[Main World]'/minecraft:overworld
[14:22:20] [Server thread/INFO]: Saving chunks for level 'ServerLevel[Main World]'/minecraft:the_nether
[14:22:20] [Server thread/INFO]: Saving chunks for level 'ServerLevel[Main World]'/minecraft:the_end
[14:22:24] [Render thread/INFO]: Destroying pipeline NamespacedId{namespace='minecraft', name='overworld'}
[14:22:24] [Render thread/INFO]: Shaders are disabled because enableShaders is set to false in iris.properties
[14:22:24] [Render thread/INFO]: Shaders are disabled
[14:22:24] [Render thread/INFO]: Creating pipeline for dimension NamespacedId{namespace='minecraft', name='overworld'}
[14:22:24] [Render thread/INFO]: Stopping worker threads
[14:22:24] [Render thread/INFO]: Started 2 worker threads
[14:25:33] [Render thread/INFO]: Loaded 180 advancements
[14:26:12] [Render thread/INFO]: Loaded 183 advancements
[14:26:22] [Render thread/INFO]: Loaded 200 advancements
[14:26:51] [Server thread/INFO]: Saving and pausing game...
[14:26:51] [Server thread/INFO]: Saving chunks for level 'ServerLevel[Main World]'/minecraft:overworld
[14:26:51] [Server thread/INFO]: Saving chunks for level 'ServerLevel[Main World]'/minecraft:the_nether
[14:26:51] [Server thread/INFO]: Saving chunks for level 'ServerLevel[Main World]'/minecraft:the_end
[14:28:31] [Server thread/INFO]: Sunhaloo has made the advancement [A Seedy Place]
[14:28:31] [Render thread/INFO]: [System] [CHAT] Sunhaloo has made the advancement [A Seedy Place]
[14:28:31] [Render thread/INFO]: Loaded 200 advancements
[14:30:56] [Render thread/INFO]: Loaded 203 advancements
[14:30:57] [Render thread/INFO]: Loaded 207 advancements
[14:31:18] [Render thread/INFO]: Loaded 207 advancements
[14:31:53] [Render thread/INFO]: Loaded 207 advancements
[14:32:24] [Render thread/INFO]: Loaded 210 advancements
[14:33:44] [Render thread/INFO]: Loaded 210 advancements
[14:37:49] [Render thread/INFO]: Loaded 212 advancements
[14:37:55] [Render thread/INFO]: Loaded 221 advancements
[14:38:29] [Render thread/INFO]: Loaded 221 advancements
[14:38:30] [Render thread/INFO]: Loaded 222 advancements
[14:40:53] [Server thread/INFO]: Sunhaloo has made the advancement [Isn't It Iron Pick]
[14:40:53] [Render thread/INFO]: [System] [CHAT] Sunhaloo has made the advancement [Isn't It Iron Pick]
[14:40:53] [Render thread/INFO]: Loaded 226 advancements
[14:41:13] [Server thread/INFO]: Sunhaloo has made the advancement [Sweet Dreams]
[14:41:13] [Render thread/INFO]: [System] [CHAT] Respawn point set
[14:41:13] [Render thread/INFO]: [System] [CHAT] Sunhaloo has made the advancement [Sweet Dreams]
[14:41:13] [Render thread/INFO]: Loaded 226 advancements
[14:41:51] [Render thread/INFO]: Loaded 228 advancements
[14:41:59] [Render thread/INFO]: Loaded 230 advancements
[14:43:25] [Render thread/INFO]: Loaded 231 advancements
[14:45:18] [Render thread/INFO]: Loaded 232 advancements
[14:45:20] [Render thread/INFO]: Loaded 233 advancements
[14:53:04] [Render thread/INFO]: Loaded 233 advancements
[14:55:00] [Server thread/INFO]: Saving and pausing game...
[14:55:00] [Server thread/INFO]: Saving chunks for level 'ServerLevel[Main World]'/minecraft:overworld
[14:55:00] [Server thread/INFO]: Saving chunks for level 'ServerLevel[Main World]'/minecraft:the_nether
[14:55:00] [Server thread/INFO]: Saving chunks for level 'ServerLevel[Main World]'/minecraft:the_end
[14:55:04] [Render thread/INFO]: Destroying pipeline NamespacedId{namespace='minecraft', name='overworld'}
[14:55:04] [Render thread/WARN]: Tried to get boolean value for unknown option: 1 && !RETRO_FILTER, defaulting to true!
[14:55:04] [Render thread/WARN]: Tried to get boolean value for unknown option: 1, defaulting to true!
[14:55:04] [Render thread/WARN]: Tried to get boolean value for unknown option: 1, defaulting to true!
[14:55:04] [Render thread/WARN]: Tried to get boolean value for unknown option: 1, defaulting to true!
[14:55:04] [Render thread/WARN]: Tried to get boolean value for unknown option: 1, defaulting to true!
[14:55:04] [Render thread/WARN]: Tried to get boolean value for unknown option: TAA && !RETRO_FILTER, defaulting to true!
[14:55:04] [Render thread/WARN]: Tried to get boolean value for unknown option: 1 && !RETRO_FILTER, defaulting to true!
[14:55:04] [Render thread/WARN]: Tried to get boolean value for unknown option: 1, defaulting to true!
[14:55:04] [Render thread/WARN]: Tried to get boolean value for unknown option: 1, defaulting to true!
[14:55:04] [Render thread/WARN]: Tried to get boolean value for unknown option: TAA && !RETRO_FILTER, defaulting to true!
[14:55:04] [Render thread/WARN]: Tried to get boolean value for unknown option: 1, defaulting to true!
[14:55:04] [Render thread/WARN]: Tried to get boolean value for unknown option: TAA && !RETRO_FILTER, defaulting to true!
[14:55:04] [Render thread/WARN]: Tried to get boolean value for unknown option: 1 && !RETRO_FILTER, defaulting to true!
[14:55:04] [Render thread/WARN]: Tried to get boolean value for unknown option: 1, defaulting to true!
[14:55:04] [Render thread/INFO]: Profile: HIGH (+0 options changed by user)
[14:55:04] [Render thread/INFO]: Using shaderpack: BSL_v8.2.07.1.zip
[14:55:04] [Render thread/INFO]: Creating pipeline for dimension NamespacedId{namespace='minecraft', name='overworld'}
[14:55:04] [Render thread/INFO]: Starting custom uniform resolving
[14:55:04] [Render thread/WARN]: [Patcher] gl_FragColor is not supported yet, please use gl_FragData! Assuming that the shaderpack author intended to use gl_FragData[0]...
[14:55:05] [Render thread/INFO]: Stopping worker threads
[14:55:05] [Render thread/INFO]: Started 2 worker threads
[14:55:07] [Server thread/INFO]: Saving and pausing game...
[14:55:07] [Server thread/INFO]: Saving chunks for level 'ServerLevel[Main World]'/minecraft:overworld
[14:55:07] [Server thread/INFO]: Saving chunks for level 'ServerLevel[Main World]'/minecraft:the_nether
[14:55:07] [Server thread/INFO]: Saving chunks for level 'ServerLevel[Main World]'/minecraft:the_end
[14:55:11] [Render thread/INFO]: Flushed changes to Minecraft configuration
[14:55:40] [Server thread/INFO]: Saving and pausing game...
[14:55:40] [Server thread/INFO]: Saving chunks for level 'ServerLevel[Main World]'/minecraft:overworld
[14:55:40] [Server thread/INFO]: Saving chunks for level 'ServerLevel[Main World]'/minecraft:the_nether
[14:55:40] [Server thread/INFO]: Saving chunks for level 'ServerLevel[Main World]'/minecraft:the_end
[14:55:46] [Render thread/INFO]: Destroying pipeline NamespacedId{namespace='minecraft', name='overworld'}
[14:55:46] [Render thread/INFO]: Shaders are disabled because enableShaders is set to false in iris.properties
[14:55:46] [Render thread/INFO]: Shaders are disabled
[14:55:46] [Render thread/INFO]: Creating pipeline for dimension NamespacedId{namespace='minecraft', name='overworld'}
[14:55:46] [Render thread/INFO]: Stopping worker threads
[14:55:46] [Render thread/INFO]: Started 2 worker threads
[14:55:51] [Render thread/INFO]: Flushed changes to Minecraft configuration
[14:55:58] [Server thread/INFO]: Saving and pausing game...
[14:55:58] [Server thread/INFO]: Saving chunks for level 'ServerLevel[Main World]'/minecraft:overworld
[14:55:58] [Server thread/INFO]: Saving chunks for level 'ServerLevel[Main World]'/minecraft:the_nether
[14:55:58] [Server thread/INFO]: Saving chunks for level 'ServerLevel[Main World]'/minecraft:the_end
[14:59:03] [Render thread/INFO]: Loaded 243 advancements
[15:01:54] [Server thread/INFO]: Saving and pausing game...
[15:01:54] [Server thread/INFO]: Saving chunks for level 'ServerLevel[Main World]'/minecraft:overworld
[15:01:54] [Server thread/INFO]: Saving chunks for level 'ServerLevel[Main World]'/minecraft:the_nether
[15:01:54] [Server thread/INFO]: Saving chunks for level 'ServerLevel[Main World]'/minecraft:the_end
[15:01:54] [Server thread/INFO]: Sunhaloo lost connection: Disconnected
[15:01:54] [Server thread/INFO]: Sunhaloo left the game
[15:01:54] [Server thread/INFO]: Stopping singleplayer server as player logged out
[15:01:54] [Server thread/INFO]: Stopping server
[15:01:54] [Server thread/INFO]: Saving players
[15:01:54] [Server thread/INFO]: Saving worlds
[15:01:55] [Server thread/INFO]: Saving chunks for level 'ServerLevel[Main World]'/minecraft:overworld
[15:01:56] [Server thread/INFO]: Saving chunks for level 'ServerLevel[Main World]'/minecraft:the_nether
[15:01:56] [Server thread/INFO]: Saving chunks for level 'ServerLevel[Main World]'/minecraft:the_end
[15:01:56] [Server thread/INFO]: ThreadedAnvilChunkStorage (Main World): All chunks are saved
[15:01:56] [Server thread/INFO]: ThreadedAnvilChunkStorage (DIM-1): All chunks are saved
[15:01:56] [Server thread/INFO]: ThreadedAnvilChunkStorage (DIM1): All chunks are saved
[15:01:56] [Server thread/INFO]: ThreadedAnvilChunkStorage: All dimensions are saved
[15:01:56] [Render thread/INFO]: Stopping worker threads
[15:01:58] [Render thread/INFO]: Stopping!
