[ERROR] - (starship::print): Error parsing "format":  --> 1:2
  |
1 | []
  |  ^---
  |
  = expected variable, string, textgroup, or conditional
[ERROR] - (starship::print): Error parsing "format":  --> 1:2
  |
1 | []
  |  ^---
  |
  = expected variable, string, textgroup, or conditional
[ERROR] - (starship::print): Error parsing "format":  --> 1:3
  |
1 | ☺\☻ 
  |   ^---
  |
  = expected escaped_char
[ERROR] - (starship::print): Error parsing "format":  --> 1:3
  |
1 | ☺\☻ 
  |   ^---
  |
  = expected escaped_char
[ERROR] - (starship::print): Error parsing "format":  --> 1:3
  |
1 | ☺\☻ 
  |   ^---
  |
  = expected escaped_char
[ERROR] - (starship::print): Error parsing "format":  --> 1:3
  |
1 | ☺\☻ 
  |   ^---
  |
  = expected escaped_char
[ERROR] - (starship::print): Error parsing "format":  --> 2:1
  |
2 | 
  | ^---
  |
  = expected variable, string, textgroup, or conditional
[ERROR] - (starship::print): Error parsing "format":  --> 2:1
  |
2 | 
  | ^---
  |
  = expected variable, string, textgroup, or conditional
[ERROR] - (starship::print): Error parsing "format":  --> 2:1
  |
2 | 
  | ^---
  |
  = expected variable, string, textgroup, or conditional
[ERROR] - (starship::print): Error parsing "format":  --> 2:1
  |
2 | 
  | ^---
  |
  = expected variable, string, textgroup, or conditional
[WARN] - (starship::config): Error in 'Fill' at 'palette': Unknown key
